Arguments: 
  C:\Program Files\nodejs\node.exe C:\Users\hgadg\AppData\Roaming\npm\node_modules\@sanity\cli\vendor\yarn install --json --non-interactive --ignore-engines --network-timeout 60000 --registry https://registry.npmjs.org

PATH: 
  C:\Program Files\PowerShell\7;C:\WINDOWS\system32;C:\WINDOWS;C:\WINDOWS\System32\Wbem;C:\WINDOWS\System32\WindowsPowerShell\v1.0\;C:\WINDOWS\System32\OpenSSH\;C:\Program Files\Git\cmd;C:\MinGW\bin;C:\Program Files\PowerShell\7\;C:\Program Files\nodejs\;C:\Program Files\MySQL\MySQL Shell 8.0\bin\;C:\Users\hgadg\AppData\Local\Programs\Python\Python39\Scripts\;C:\Users\hgadg\AppData\Local\Programs\Python\Python39\;C:\Users\hgadg\AppData\Local\Microsoft\WindowsApps;C:\Users\hgadg\AppData\Local\Programs\Microsoft VS Code\bin;C:\Users\hgadg\PyCharm Professional Edition with Anaconda plugin 2019.3.3\bin;;C:\Users\hgadg\Desktop\flutter\bin;C:\Program Files\mingw-w64\x86_64-8.1.0-posix-seh-rt_v6-rev0\mingw64\bin;C:\Users\hgadg\AppData\Roaming\npm;C:\Users\hgadg\AppData\Local\GitHubDesktop\bin;

Yarn version: 
  1.22.17

Node version: 
  14.15.5

Platform: 
  win32 x64

Trace: 
  Error: connect EHOSTUNREACH 104.16.22.35:443
      at TCPConnectWrap.afterConnect [as oncomplete] (net.js:1146:16)

npm manifest: 
  {
    "name": "sharemehg",
    "private": true,
    "version": "1.0.0",
    "description": "",
    "main": "package.json",
    "author": "HARSH Gadage <hgadge1605@gmail.com>",
    "license": "UNLICENSED",
    "scripts": {
      "start": "sanity start",
      "build": "sanity build"
    },
    "keywords": [
      "sanity"
    ],
    "dependencies": {
      "@sanity/base": "^2.23.2",
      "@sanity/core": "^2.23.2",
      "@sanity/default-layout": "^2.23.2",
      "@sanity/default-login": "^2.23.2",
      "@sanity/desk-tool": "^2.23.2",
      "@sanity/vision": "^2.23.2",
      "prop-types": "^15.7",
      "react": "^17.0",
      "react-dom": "^17.0",
      "styled-components": "^5.2.0"
    },
    "devDependencies": {}
  }

yarn manifest: 
  No manifest

Lockfile: 
  No lockfile
